============================= test session starts ==============================
platform linux -- Python 3.12.12, pytest-9.0.2, pluggy-1.6.0
rootdir: /home/joan/Documents/IA/sharing
configfile: pyproject.toml
plugins: anyio-4.12.1, cov-7.0.0, asyncio-1.3.0
asyncio: mode=Mode.AUTO, debug=False, asyncio_default_fixture_loop_scope=function, asyncio_default_test_loop_scope=function
collected 3 items

tests/test_bunker_hardening.py .F.                                       [100%]

=================================== FAILURES ===================================
__________________ TestBunkerHardening.test_echo_pulse_logic ___________________

self = <test_bunker_hardening.TestBunkerHardening testMethod=test_echo_pulse_logic>

    def test_echo_pulse_logic(self):
        """Proof of Echo's drift detection capabilities."""
        # This requires async execution
        async def run_echo():
            result = await self.echo.execute("monitor_pulse")
            self.assertEqual(result["status"], "success")
            self.assertIn("pulse", result)
            print(f"Echo Pulse Test: {result['pulse']} (Drift: {result.get('drift', 0)})")
    
>       asyncio.run(run_echo())

tests/test_bunker_hardening.py:89: 
_ _ _ _ _ _ _ _ _ _ _ _ _ _ _ _ _ _ _ _ _ _ _ _ _ _ _ _ _ _ _ _ _ _ _ _ _ _ _ _ 
../../../.local/share/uv/python/cpython-3.12.12-linux-x86_64-gnu/lib/python3.12/asyncio/runners.py:195: in run
    return runner.run(main)
           ^^^^^^^^^^^^^^^^
../../../.local/share/uv/python/cpython-3.12.12-linux-x86_64-gnu/lib/python3.12/asyncio/runners.py:118: in run
    return self._loop.run_until_complete(task)
           ^^^^^^^^^^^^^^^^^^^^^^^^^^^^^^^^^^^
../../../.local/share/uv/python/cpython-3.12.12-linux-x86_64-gnu/lib/python3.12/asyncio/base_events.py:691: in run_until_complete
    return future.result()
           ^^^^^^^^^^^^^^^
tests/test_bunker_hardening.py:84: in run_echo
    result = await self.echo.execute("monitor_pulse")
             ^^^^^^^^^^^^^^^^^^^^^^^^^^^^^^^^^^^^^^^^
src/red_pill/swarm/agents/echo.py:28: in execute
    return await self._monitor_pulse(**kwargs)
           ^^^^^^^^^^^^^^^^^^^^^^^^^^^^^^^^^^^
src/red_pill/swarm/agents/echo.py:71: in _monitor_pulse
    points = manager.client.retrieve("social_memories", ids=[ID_OPERATOR_MOOD], with_payload=True)
             ^^^^^^^^^^^^^^^^^^^^^^^^^^^^^^^^^^^^^^^^^^^^^^^^^^^^^^^^^^^^^^^^^^^^^^^^^^^^^^^^^^^^^
.venv/lib/python3.12/site-packages/qdrant_client/qdrant_client.py:1125: in retrieve
    return self._client.retrieve(
.venv/lib/python3.12/site-packages/qdrant_client/local/qdrant_local.py:592: in retrieve
    collection = self._get_collection(collection_name)
                 ^^^^^^^^^^^^^^^^^^^^^^^^^^^^^^^^^^^^^
_ _ _ _ _ _ _ _ _ _ _ _ _ _ _ _ _ _ _ _ _ _ _ _ _ _ _ _ _ _ _ _ _ _ _ _ _ _ _ _ 

self = <qdrant_client.local.qdrant_local.QdrantLocal object at 0x77838afbf0e0>
collection_name = 'social_memories'

    def _get_collection(self, collection_name: str) -> LocalCollection:
        if self.closed:
            raise RuntimeError("QdrantLocal instance is closed. Please create a new instance.")
    
        if collection_name in self.collections:
            return self.collections[collection_name]
        if collection_name in self.aliases:
            return self.collections[self.aliases[collection_name]]
>       raise ValueError(f"Collection {collection_name} not found")
E       ValueError: Collection social_memories not found

.venv/lib/python3.12/site-packages/qdrant_client/local/qdrant_local.py:183: ValueError
=============================== warnings summary ===============================
tests/test_bunker_hardening.py::TestBunkerHardening::test_bayesian_reinforcement_entropy
tests/test_bunker_hardening.py::TestBunkerHardening::test_echo_pulse_logic
tests/test_bunker_hardening.py::TestBunkerHardening::test_ingestion_gate_noise
  /home/joan/Documents/IA/sharing/tests/test_bunker_hardening.py:27: DeprecationWarning: `recreate_collection` method is deprecated and will be removed in the future. Use `collection_exists` to check collection existence and `create_collection` instead.
    self.manager.client.recreate_collection(

-- Docs: https://docs.pytest.org/en/stable/how-to/capture-warnings.html
=========================== short test summary info ============================
FAILED tests/test_bunker_hardening.py::TestBunkerHardening::test_echo_pulse_logic
=================== 1 failed, 2 passed, 3 warnings in 1.56s ====================
